2025-11-24 19:10:26,477 - root - INFO - Baby Cry Detection System - Starting...
2025-11-24 19:10:26,477 - root - INFO - Action: train
2025-11-24 19:10:26,477 - root - INFO - Results directory: results\train_2025-11-24_19-10-26
2025-11-24 19:10:26,478 - root - INFO - ============================================================
2025-11-24 19:10:26,478 - root - INFO - STARTING CNN-TRANSFORMER BABY CRY DETECTION MODEL TRAINING
2025-11-24 19:10:26,478 - root - INFO - ============================================================
2025-11-24 19:10:26,478 - root - INFO - System Information:
2025-11-24 19:10:26,506 - root - INFO -   Platform: Windows-11-10.0.26200-SP0
2025-11-24 19:10:26,506 - root - INFO -   Python: 3.13.9
2025-11-24 19:10:26,507 - root - INFO -   CPU: 22 cores
2025-11-24 19:10:26,507 - root - INFO -   RAM: 15.5 GB
2025-11-24 19:10:26,529 - root - INFO -   GPU: NVIDIA GeForce RTX 4060 Laptop GPU
2025-11-24 19:10:26,529 - root - INFO -   CUDA: 12.6
2025-11-24 19:10:26,530 - root - INFO - Experiment configuration saved to results\train_2025-11-24_19-10-26\experiment_config.json
2025-11-24 19:10:26,530 - root - INFO - Using device: cuda
2025-11-24 19:10:26,698 - root - INFO - Model initialized with 5,093,125 trainable parameters
2025-11-24 19:10:26,698 - root - INFO - Using preprocessed data from: data\processed\v1_new
2025-11-24 19:10:26,699 - root - INFO - Found preprocessed directory: data\processed\v1_new\f8494771d0d9d2bd
2025-11-24 19:10:26,747 - root - INFO - Calculated class weights: tensor([0.9596, 1.4093])
2025-11-24 19:10:26,747 - root - INFO - Dataset splits: train=5701, val=1900, test=1901
2025-11-24 19:10:26,760 - root - INFO - Loaded manifest with 9502 files
2025-11-24 19:10:26,760 - root - INFO - Config hash: f8494771d0d9d2bd
2025-11-24 19:10:26,762 - root - INFO - Preprocessed dataset size: 5701
2025-11-24 19:10:26,762 - root - INFO - Label distribution: {'non_cry': 2945, 'cry': 2756}
2025-11-24 19:10:26,763 - root - INFO - Augmentation enabled: True
2025-11-24 19:10:26,775 - root - INFO - Loaded manifest with 9502 files
2025-11-24 19:10:26,776 - root - INFO - Config hash: f8494771d0d9d2bd
2025-11-24 19:10:26,776 - root - INFO - Preprocessed dataset size: 1900
2025-11-24 19:10:26,776 - root - INFO - Label distribution: {'cry': 876, 'non_cry': 1024}
2025-11-24 19:10:26,776 - root - INFO - Augmentation enabled: False
2025-11-24 19:10:26,789 - root - INFO - Loaded manifest with 9502 files
2025-11-24 19:10:26,789 - root - INFO - Config hash: f8494771d0d9d2bd
2025-11-24 19:10:26,790 - root - INFO - Preprocessed dataset size: 1901
2025-11-24 19:10:26,790 - root - INFO - Label distribution: {'cry': 919, 'non_cry': 982}
2025-11-24 19:10:26,790 - root - INFO - Augmentation enabled: False
2025-11-24 19:10:26,791 - root - INFO - Using Focal Loss (alpha=0.3, gamma=2.0, label_smoothing=0.1) with cry_weight_multiplier=1.35 for enhanced weak cry detection
2025-11-24 19:10:35,821 - root - INFO - Mixed precision training (AMP) enabled - expect 2× speedup
2025-11-24 19:10:35,822 - root - INFO - Training setup completed
2025-11-24 19:10:35,822 - root - INFO - Skipping dataset analysis - using preprocessed data
2025-11-24 19:10:56,415 - root - INFO - Sample visualizations saved to results\train_2025-11-24_19-10-26\plots
2025-11-24 19:10:56,416 - root - INFO - Starting training...
2025-11-24 19:11:46,115 - root - INFO - Epoch [1/80] Train Loss: 0.0496 Train Acc: 0.8167 Val Loss: 0.0478 Val Acc: 0.8447 LR: 0.000100 Time: 49.70s
2025-11-24 19:12:16,002 - root - INFO - Epoch [2/80] Train Loss: 0.0339 Train Acc: 0.8853 Val Loss: 0.0336 Val Acc: 0.8805 LR: 0.000100 Time: 29.87s
2025-11-24 19:12:45,825 - root - INFO - Epoch [3/80] Train Loss: 0.0282 Train Acc: 0.9048 Val Loss: 0.0211 Val Acc: 0.9289 LR: 0.000100 Time: 29.81s
2025-11-24 19:13:15,025 - root - INFO - Removed checkpoint: model_epoch_1.pth
2025-11-24 19:13:15,025 - root - INFO - Epoch [4/80] Train Loss: 0.0249 Train Acc: 0.9177 Val Loss: 0.0404 Val Acc: 0.8968 LR: 0.000100 Time: 29.19s
2025-11-24 19:13:44,673 - root - INFO - Removed checkpoint: model_epoch_4.pth
2025-11-24 19:13:44,673 - root - INFO - Epoch [5/80] Train Loss: 0.0239 Train Acc: 0.9293 Val Loss: 0.0296 Val Acc: 0.8989 LR: 0.000100 Time: 29.65s
2025-11-24 19:14:13,592 - root - INFO - Removed checkpoint: model_epoch_2.pth
2025-11-24 19:14:13,592 - root - INFO - Epoch [6/80] Train Loss: 0.0209 Train Acc: 0.9358 Val Loss: 0.0283 Val Acc: 0.9011 LR: 0.000100 Time: 28.92s
2025-11-24 19:14:43,389 - root - INFO - Removed checkpoint: model_epoch_5.pth
2025-11-24 19:14:43,389 - root - INFO - Epoch [7/80] Train Loss: 0.0187 Train Acc: 0.9472 Val Loss: 0.0229 Val Acc: 0.9274 LR: 0.000100 Time: 29.80s
2025-11-24 19:15:13,464 - root - INFO - Removed checkpoint: model_epoch_6.pth
2025-11-24 19:15:13,464 - root - INFO - Epoch [8/80] Train Loss: 0.0181 Train Acc: 0.9479 Val Loss: 0.0177 Val Acc: 0.9489 LR: 0.000100 Time: 30.07s
2025-11-24 19:15:43,285 - root - INFO - Removed checkpoint: model_epoch_9.pth
2025-11-24 19:15:43,285 - root - INFO - Epoch [9/80] Train Loss: 0.0168 Train Acc: 0.9463 Val Loss: 0.0232 Val Acc: 0.9126 LR: 0.000100 Time: 29.81s
2025-11-24 19:16:13,299 - root - INFO - Removed checkpoint: model_epoch_7.pth
2025-11-24 19:16:13,299 - root - INFO - Epoch [10/80] Train Loss: 0.0167 Train Acc: 0.9512 Val Loss: 0.0147 Val Acc: 0.9558 LR: 0.000100 Time: 30.01s
2025-11-24 19:16:42,803 - root - INFO - Removed checkpoint: model_epoch_3.pth
2025-11-24 19:16:42,803 - root - INFO - Epoch [11/80] Train Loss: 0.0163 Train Acc: 0.9537 Val Loss: 0.0152 Val Acc: 0.9642 LR: 0.000100 Time: 29.49s
2025-11-24 19:17:12,334 - root - INFO - Removed checkpoint: model_epoch_8.pth
2025-11-24 19:17:12,334 - root - INFO - Epoch [12/80] Train Loss: 0.0152 Train Acc: 0.9609 Val Loss: 0.0173 Val Acc: 0.9547 LR: 0.000100 Time: 29.53s
2025-11-24 19:17:41,265 - root - INFO - Removed checkpoint: model_epoch_12.pth
2025-11-24 19:17:41,265 - root - INFO - Epoch [13/80] Train Loss: 0.0145 Train Acc: 0.9618 Val Loss: 0.0142 Val Acc: 0.9642 LR: 0.000100 Time: 28.93s
2025-11-24 19:18:10,864 - root - INFO - Removed checkpoint: model_epoch_11.pth
2025-11-24 19:18:10,865 - root - INFO - Epoch [14/80] Train Loss: 0.0156 Train Acc: 0.9605 Val Loss: 0.0139 Val Acc: 0.9600 LR: 0.000100 Time: 29.60s
2025-11-24 19:18:40,237 - root - INFO - Removed checkpoint: model_epoch_15.pth
2025-11-24 19:18:40,238 - root - INFO - Epoch [15/80] Train Loss: 0.0135 Train Acc: 0.9637 Val Loss: 0.0184 Val Acc: 0.9537 LR: 0.000100 Time: 29.37s
2025-11-24 19:19:09,972 - root - INFO - Removed checkpoint: model_epoch_16.pth
2025-11-24 19:19:09,972 - root - INFO - Epoch [16/80] Train Loss: 0.0126 Train Acc: 0.9684 Val Loss: 0.0192 Val Acc: 0.9547 LR: 0.000100 Time: 29.73s
2025-11-24 19:19:40,489 - root - INFO - Removed checkpoint: model_epoch_10.pth
2025-11-24 19:19:40,489 - root - INFO - Epoch [17/80] Train Loss: 0.0127 Train Acc: 0.9686 Val Loss: 0.0147 Val Acc: 0.9595 LR: 0.000100 Time: 30.52s
2025-11-24 19:20:09,768 - root - INFO - Removed checkpoint: model_epoch_17.pth
2025-11-24 19:20:09,769 - root - INFO - Epoch [18/80] Train Loss: 0.0126 Train Acc: 0.9654 Val Loss: 0.0144 Val Acc: 0.9579 LR: 0.000100 Time: 29.28s
2025-11-24 19:20:39,667 - root - INFO - Removed checkpoint: model_epoch_18.pth
2025-11-24 19:20:39,667 - root - INFO - Epoch [19/80] Train Loss: 0.0117 Train Acc: 0.9674 Val Loss: 0.0138 Val Acc: 0.9637 LR: 0.000100 Time: 29.90s
2025-11-24 19:21:09,030 - root - INFO - Removed checkpoint: model_epoch_13.pth
2025-11-24 19:21:09,031 - root - INFO - Epoch [20/80] Train Loss: 0.0116 Train Acc: 0.9668 Val Loss: 0.0132 Val Acc: 0.9647 LR: 0.000100 Time: 29.36s
2025-11-24 19:21:38,299 - root - INFO - Removed checkpoint: model_epoch_21.pth
2025-11-24 19:21:38,300 - root - INFO - Epoch [21/80] Train Loss: 0.0113 Train Acc: 0.9718 Val Loss: 0.0175 Val Acc: 0.9611 LR: 0.000100 Time: 29.25s
2025-11-24 19:22:08,540 - root - INFO - Removed checkpoint: model_epoch_22.pth
2025-11-24 19:22:08,541 - root - INFO - Epoch [22/80] Train Loss: 0.0117 Train Acc: 0.9698 Val Loss: 0.0170 Val Acc: 0.9574 LR: 0.000100 Time: 30.24s
2025-11-24 19:22:38,499 - root - INFO - Removed checkpoint: model_epoch_23.pth
2025-11-24 19:22:38,499 - root - INFO - Epoch [23/80] Train Loss: 0.0105 Train Acc: 0.9740 Val Loss: 0.0186 Val Acc: 0.9589 LR: 0.000100 Time: 29.96s
2025-11-24 19:23:08,360 - root - INFO - Removed checkpoint: model_epoch_24.pth
2025-11-24 19:23:08,360 - root - INFO - Epoch [24/80] Train Loss: 0.0103 Train Acc: 0.9747 Val Loss: 0.0222 Val Acc: 0.9479 LR: 0.000100 Time: 29.86s
2025-11-24 19:23:38,079 - root - INFO - Removed checkpoint: model_epoch_25.pth
2025-11-24 19:23:38,079 - root - INFO - Epoch [25/80] Train Loss: 0.0115 Train Acc: 0.9709 Val Loss: 0.0143 Val Acc: 0.9621 LR: 0.000100 Time: 29.72s
2025-11-24 19:24:08,168 - root - INFO - Removed checkpoint: model_epoch_26.pth
2025-11-24 19:24:08,168 - root - INFO - Epoch [26/80] Train Loss: 0.0106 Train Acc: 0.9753 Val Loss: 0.0171 Val Acc: 0.9632 LR: 0.000100 Time: 30.09s
2025-11-24 19:24:37,561 - root - INFO - Removed checkpoint: model_epoch_14.pth
2025-11-24 19:24:37,562 - root - INFO - Epoch [27/80] Train Loss: 0.0104 Train Acc: 0.9756 Val Loss: 0.0119 Val Acc: 0.9668 LR: 0.000100 Time: 29.39s
2025-11-24 19:25:07,275 - root - INFO - Removed checkpoint: model_epoch_28.pth
2025-11-24 19:25:07,276 - root - INFO - Epoch [28/80] Train Loss: 0.0100 Train Acc: 0.9760 Val Loss: 0.0153 Val Acc: 0.9605 LR: 0.000100 Time: 29.70s
2025-11-24 19:25:37,035 - root - INFO - Removed checkpoint: model_epoch_29.pth
2025-11-24 19:25:37,036 - root - INFO - Epoch [29/80] Train Loss: 0.0098 Train Acc: 0.9770 Val Loss: 0.0183 Val Acc: 0.9663 LR: 0.000100 Time: 29.76s
2025-11-24 19:26:06,910 - root - INFO - Removed checkpoint: model_epoch_19.pth
2025-11-24 19:26:06,911 - root - INFO - Epoch [30/80] Train Loss: 0.0094 Train Acc: 0.9790 Val Loss: 0.0136 Val Acc: 0.9674 LR: 0.000100 Time: 29.87s
2025-11-24 19:26:36,602 - root - INFO - Removed checkpoint: model_epoch_30.pth
2025-11-24 19:26:36,602 - root - INFO - Epoch [31/80] Train Loss: 0.0102 Train Acc: 0.9749 Val Loss: 0.0129 Val Acc: 0.9721 LR: 0.000100 Time: 29.69s
2025-11-24 19:27:06,654 - root - INFO - Removed checkpoint: model_epoch_32.pth
2025-11-24 19:27:06,654 - root - INFO - Epoch [32/80] Train Loss: 0.0091 Train Acc: 0.9795 Val Loss: 0.0134 Val Acc: 0.9679 LR: 0.000100 Time: 30.05s
2025-11-24 19:27:36,417 - root - INFO - Removed checkpoint: model_epoch_33.pth
2025-11-24 19:27:36,417 - root - INFO - Epoch [33/80] Train Loss: 0.0087 Train Acc: 0.9786 Val Loss: 0.0161 Val Acc: 0.9689 LR: 0.000100 Time: 29.76s
2025-11-24 19:28:05,864 - root - INFO - Removed checkpoint: model_epoch_34.pth
2025-11-24 19:28:05,865 - root - INFO - Epoch [34/80] Train Loss: 0.0084 Train Acc: 0.9828 Val Loss: 0.0146 Val Acc: 0.9642 LR: 0.000100 Time: 29.45s
2025-11-24 19:28:35,573 - root - INFO - Removed checkpoint: model_epoch_35.pth
2025-11-24 19:28:35,573 - root - INFO - Epoch [35/80] Train Loss: 0.0094 Train Acc: 0.9763 Val Loss: 0.0147 Val Acc: 0.9711 LR: 0.000070 Time: 29.71s
2025-11-24 19:29:04,792 - root - INFO - Removed checkpoint: model_epoch_36.pth
2025-11-24 19:29:04,793 - root - INFO - Epoch [36/80] Train Loss: 0.0087 Train Acc: 0.9790 Val Loss: 0.0148 Val Acc: 0.9716 LR: 0.000070 Time: 29.22s
2025-11-24 19:29:34,049 - root - INFO - Removed checkpoint: model_epoch_20.pth
2025-11-24 19:29:34,049 - root - INFO - Epoch [37/80] Train Loss: 0.0083 Train Acc: 0.9821 Val Loss: 0.0130 Val Acc: 0.9747 LR: 0.000070 Time: 29.26s
2025-11-24 19:30:03,050 - root - INFO - Removed checkpoint: model_epoch_37.pth
2025-11-24 19:30:03,050 - root - INFO - Epoch [38/80] Train Loss: 0.0080 Train Acc: 0.9823 Val Loss: 0.0130 Val Acc: 0.9695 LR: 0.000070 Time: 29.00s
2025-11-24 19:30:32,529 - root - INFO - Removed checkpoint: model_epoch_39.pth
2025-11-24 19:30:32,529 - root - INFO - Epoch [39/80] Train Loss: 0.0078 Train Acc: 0.9816 Val Loss: 0.0139 Val Acc: 0.9758 LR: 0.000070 Time: 29.48s
2025-11-24 19:31:01,277 - root - INFO - Removed checkpoint: model_epoch_40.pth
2025-11-24 19:31:01,277 - root - INFO - Epoch [40/80] Train Loss: 0.0078 Train Acc: 0.9832 Val Loss: 0.0143 Val Acc: 0.9695 LR: 0.000070 Time: 28.75s
2025-11-24 19:31:29,614 - root - INFO - Removed checkpoint: model_epoch_41.pth
2025-11-24 19:31:29,614 - root - INFO - Epoch [41/80] Train Loss: 0.0088 Train Acc: 0.9795 Val Loss: 0.0141 Val Acc: 0.9721 LR: 0.000070 Time: 28.34s
2025-11-24 19:31:58,323 - root - INFO - Removed checkpoint: model_epoch_38.pth
2025-11-24 19:31:58,324 - root - INFO - Epoch [42/80] Train Loss: 0.0082 Train Acc: 0.9833 Val Loss: 0.0120 Val Acc: 0.9732 LR: 0.000070 Time: 28.71s
2025-11-24 19:32:28,551 - root - INFO - Removed checkpoint: model_epoch_43.pth
2025-11-24 19:32:28,551 - root - INFO - Epoch [43/80] Train Loss: 0.0078 Train Acc: 0.9837 Val Loss: 0.0166 Val Acc: 0.9653 LR: 0.000049 Time: 30.23s
2025-11-24 19:32:57,567 - root - INFO - Removed checkpoint: model_epoch_31.pth
2025-11-24 19:32:57,567 - root - INFO - Epoch [44/80] Train Loss: 0.0070 Train Acc: 0.9853 Val Loss: 0.0118 Val Acc: 0.9763 LR: 0.000049 Time: 29.02s
2025-11-24 19:33:26,396 - root - INFO - Removed checkpoint: model_epoch_45.pth
2025-11-24 19:33:26,396 - root - INFO - Epoch [45/80] Train Loss: 0.0070 Train Acc: 0.9874 Val Loss: 0.0133 Val Acc: 0.9753 LR: 0.000049 Time: 28.83s
2025-11-24 19:33:59,481 - root - INFO - Removed checkpoint: model_epoch_46.pth
2025-11-24 19:33:59,481 - root - INFO - Epoch [46/80] Train Loss: 0.0068 Train Acc: 0.9874 Val Loss: 0.0137 Val Acc: 0.9789 LR: 0.000049 Time: 33.08s
2025-11-24 19:34:28,303 - root - INFO - Removed checkpoint: model_epoch_47.pth
2025-11-24 19:34:28,303 - root - INFO - Epoch [47/80] Train Loss: 0.0070 Train Acc: 0.9874 Val Loss: 0.0154 Val Acc: 0.9700 LR: 0.000049 Time: 28.82s
2025-11-24 19:34:28,322 - root - INFO - Early stopping triggered after epoch 47
2025-11-24 19:34:28,322 - root - INFO - Training completed in 1411.91 seconds
2025-11-24 19:34:28,324 - root - INFO - Saved ensemble metadata with 3 checkpoints:
2025-11-24 19:34:28,324 - root - INFO -   1. model_epoch_44.pth (val_loss: 0.011789)
2025-11-24 19:34:28,324 - root - INFO -   2. model_epoch_27.pth (val_loss: 0.011871)
2025-11-24 19:34:28,324 - root - INFO -   3. model_epoch_42.pth (val_loss: 0.011957)
2025-11-24 19:34:28,367 - root - INFO - Inference model saved to results\train_2025-11-24_19-10-26\model_inference.pth
2025-11-24 19:34:28,367 - root - INFO - Training completed successfully!
2025-11-24 19:34:28,367 - root - INFO - Results saved to: results\train_2025-11-24_19-10-26
2025-11-24 19:34:28,387 - root - INFO - ============================================================
2025-11-24 19:34:28,387 - root - INFO - EXECUTION COMPLETED SUCCESSFULLY!
2025-11-24 19:34:28,387 - root - INFO - ============================================================
